\BOOKMARK [0][-]{front.0}{Front Matter}{}% 1
\BOOKMARK [0][-]{chapter.1}{Chapter 1. Introduction}{}% 2
\BOOKMARK [1][-]{section.1.1}{1.1. What is Synthetic Biology?}{chapter.1}% 3
\BOOKMARK [1][-]{section.1.2}{1.2. The Applications of Synthetic Biology}{chapter.1}% 4
\BOOKMARK [1][-]{section.1.3}{1.3. The Challenges of Synthetic Biology}{chapter.1}% 5
\BOOKMARK [1][-]{section.1.4}{1.4. The Ethics and Risks of Synthetic Biology}{chapter.1}% 6
\BOOKMARK [1][-]{section.1.5}{1.5. Overview}{chapter.1}% 7
\BOOKMARK [1][-]{section.1.6}{1.6. Problems}{chapter.1}% 8
\BOOKMARK [0][-]{chapter.2}{Chapter 2. Basic Biochemistry}{}% 9
\BOOKMARK [1][-]{section.2.1}{2.1. E. coli: The Model Procaryote}{chapter.2}% 10
\BOOKMARK [1][-]{section.2.2}{2.2. Molecules in the Cell}{chapter.2}% 11
\BOOKMARK [1][-]{section.2.3}{2.3. Processes}{chapter.2}% 12
\BOOKMARK [1][-]{section.2.4}{2.4. Re-programming E. coli}{chapter.2}% 13
\BOOKMARK [1][-]{section.2.5}{2.5. How we See What's Going On}{chapter.2}% 14
\BOOKMARK [1][-]{section.2.6}{2.6. Problems}{chapter.2}% 15
\BOOKMARK [0][-]{chapter.3}{Chapter 3. Differential Equations}{}% 16
\BOOKMARK [1][-]{section.3.1}{3.1. Definitions and Examples}{chapter.3}% 17
\BOOKMARK [1][-]{section.3.2}{3.2. Simulation}{chapter.3}% 18
\BOOKMARK [1][-]{section.3.3}{3.3. Equlibria and Stability}{chapter.3}% 19
\BOOKMARK [1][-]{section.3.4}{3.4. Linearization and Local Stability}{chapter.3}% 20
\BOOKMARK [1][-]{section.3.5}{3.5. Non-Dimensionalization}{chapter.3}% 21
\BOOKMARK [1][-]{section.3.6}{3.6. Problems}{chapter.3}% 22
\BOOKMARK [0][-]{chapter.4}{Chapter 4. Mass Action Kinetics}{}% 23
\BOOKMARK [1][-]{section.4.1}{4.1. Definitions}{chapter.4}% 24
\BOOKMARK [1][-]{section.4.2}{4.2. Example Networks}{chapter.4}% 25
\BOOKMARK [1][-]{section.4.3}{4.3. Modeling Regulatory Networks and Metabolism}{chapter.4}% 26
\BOOKMARK [1][-]{section.4.4}{4.4. Problems}{chapter.4}% 27
\BOOKMARK [0][-]{chapter.5}{Chapter 5. Enzyme Kinetics}{}% 28
\BOOKMARK [1][-]{section.5.1}{5.1. Fast and Slow Dynamics}{chapter.5}% 29
\BOOKMARK [1][-]{section.5.2}{5.2. Enzyme Reactions}{chapter.5}% 30
\BOOKMARK [1][-]{section.5.3}{5.3. Hill Functions}{chapter.5}% 31
\BOOKMARK [1][-]{section.5.4}{5.4. Problems}{chapter.5}% 32
\BOOKMARK [0][-]{chapter.6}{Chapter 6. Synthetic Regulatory Networks}{}% 33
\BOOKMARK [1][-]{section.6.1}{6.1. Re-programming E. coli}{chapter.6}% 34
\BOOKMARK [1][-]{section.6.2}{6.2. Switches and Oscillators}{chapter.6}% 35
\BOOKMARK [1][-]{section.6.3}{6.3. RNA Regulatory Mechanisms}{chapter.6}% 36
\BOOKMARK [1][-]{section.6.4}{6.4. Problems}{chapter.6}% 37
\BOOKMARK [0][-]{chapter.7}{Chapter 7. In vitro Synthetic Biology}{}% 38
\BOOKMARK [1][-]{section.7.1}{7.1. Enzyme Free DNA Circuits}{chapter.7}% 39
\BOOKMARK [1][-]{section.7.2}{7.2. Transcriptional Circuits}{chapter.7}% 40
\BOOKMARK [1][-]{section.7.3}{7.3. Problems}{chapter.7}% 41
\BOOKMARK [0][-]{chapter.8}{Chapter 8. Stochastic Chemcal Kinetics}{}% 42
\BOOKMARK [1][-]{section.8.1}{8.1. Stochasticity in Cell Dynamics}{chapter.8}% 43
\BOOKMARK [1][-]{section.8.2}{8.2. Foundations of Stochastic Chemical Reactions}{chapter.8}% 44
\BOOKMARK [1][-]{section.8.3}{8.3. Simple Examples}{chapter.8}% 45
\BOOKMARK [1][-]{section.8.4}{8.4. Moment Dynamics}{chapter.8}% 46
\BOOKMARK [1][-]{section.8.5}{8.5. Approximate Methods}{chapter.8}% 47
\BOOKMARK [1][-]{section.8.6}{8.6. Simulation}{chapter.8}% 48
\BOOKMARK [1][-]{section.8.7}{8.7. Computing with Molecules}{chapter.8}% 49
\BOOKMARK [1][-]{section.8.8}{8.8. Problems}{chapter.8}% 50
\BOOKMARK [0][-]{chapter.9}{Chapter 9. Composition and Modularity}{}% 51
\BOOKMARK [1][-]{section.9.1}{9.1. Signals}{chapter.9}% 52
\BOOKMARK [1][-]{section.9.2}{9.2. Modules}{chapter.9}% 53
\BOOKMARK [1][-]{section.9.3}{9.3. Composition}{chapter.9}% 54
\BOOKMARK [1][-]{section.9.4}{9.4. Retroactivity}{chapter.9}% 55
\BOOKMARK [0][-]{chapter.10}{Chapter 10. Robustness and Sensitivity}{}% 56
\BOOKMARK [0][-]{chapter.11}{Chapter 11. Parameter Estimation and System Identification}{}% 57
\BOOKMARK [0][-]{appendix.A}{Chapter A. Mathematica}{}% 58
\BOOKMARK [0][-]{biblio.0}{Bibliography}{}% 59
