This is pdfTeX, Version 3.1415926-2.5-1.40.14 (TeX Live 2013) (format=latex 2013.5.30)  17 APR 2015 09:08
entering extended mode
 restricted \write18 enabled.
 %&-line parsing enabled.
**ssb.tex
(./ssb.tex
LaTeX2e <2011/06/27>
Babel <3.9f> and hyphenation patterns for 78 languages loaded.
(/usr/local/texlive/2013/texmf-dist/tex/latex/amscls/amsbook.cls
Document Class: amsbook 2009/07/02 v2.20.1
\linespacing=\dimen102
\normalparindent=\dimen103
\normaltopskip=\skip41
(/usr/local/texlive/2013/texmf-dist/tex/latex/amsmath/amsmath.sty
Package: amsmath 2013/01/14 v2.14 AMS math features
\@mathmargin=\skip42

For additional information on amsmath, use the `?' option.
(/usr/local/texlive/2013/texmf-dist/tex/latex/amsmath/amstext.sty
Package: amstext 2000/06/29 v2.01

(/usr/local/texlive/2013/texmf-dist/tex/latex/amsmath/amsgen.sty
File: amsgen.sty 1999/11/30 v2.0
\@emptytoks=\toks14
\ex@=\dimen104
))
(/usr/local/texlive/2013/texmf-dist/tex/latex/amsmath/amsbsy.sty
Package: amsbsy 1999/11/29 v1.2d
\pmbraise@=\dimen105
)
(/usr/local/texlive/2013/texmf-dist/tex/latex/amsmath/amsopn.sty
Package: amsopn 1999/12/14 v2.01 operator names
)
\inf@bad=\count79
LaTeX Info: Redefining \frac on input line 210.
\uproot@=\count80
\leftroot@=\count81
LaTeX Info: Redefining \overline on input line 306.
\classnum@=\count82
\DOTSCASE@=\count83
LaTeX Info: Redefining \ldots on input line 378.
LaTeX Info: Redefining \dots on input line 381.
LaTeX Info: Redefining \cdots on input line 466.
\Mathstrutbox@=\box26
\strutbox@=\box27
\big@size=\dimen106
LaTeX Font Info:    Redeclaring font encoding OML on input line 566.
LaTeX Font Info:    Redeclaring font encoding OMS on input line 567.
\macc@depth=\count84
\c@MaxMatrixCols=\count85
\dotsspace@=\muskip10
\c@parentequation=\count86
\dspbrk@lvl=\count87
\tag@help=\toks15
\row@=\count88
\column@=\count89
\maxfields@=\count90
\andhelp@=\toks16
\eqnshift@=\dimen107
\alignsep@=\dimen108
\tagshift@=\dimen109
\tagwidth@=\dimen110
\totwidth@=\dimen111
\lineht@=\dimen112
\@envbody=\toks17
\multlinegap=\skip43
\multlinetaggap=\skip44
\mathdisplay@stack=\toks18
LaTeX Info: Redefining \[ on input line 2665.
LaTeX Info: Redefining \] on input line 2666.
)
LaTeX Font Info:    Try loading font information for U+msa on input line 367.

(/usr/local/texlive/2013/texmf-dist/tex/latex/amsfonts/umsa.fd
File: umsa.fd 2013/01/14 v3.01 AMS symbols A
)
(/usr/local/texlive/2013/texmf-dist/tex/latex/amsfonts/amsfonts.sty
Package: amsfonts 2013/01/14 v3.01 Basic AMSFonts support
\symAMSa=\mathgroup4
\symAMSb=\mathgroup5
LaTeX Font Info:    Overwriting math alphabet `\mathfrak' in version `bold'
(Font)                  U/euf/m/n --> U/euf/b/n on input line 106.
)
\copyins=\insert233
\abstractbox=\box28
\listisep=\skip45
\c@part=\count91
\c@chapter=\count92
\c@section=\count93
\c@subsection=\count94
\c@subsubsection=\count95
\c@paragraph=\count96
\c@subparagraph=\count97
\c@figure=\count98
\c@table=\count99
\abovecaptionskip=\skip46
\belowcaptionskip=\skip47
\captionindent=\dimen113
\thm@style=\toks19
\thm@bodyfont=\toks20
\thm@headfont=\toks21
\thm@notefont=\toks22
\thm@headpunct=\toks23
\thm@preskip=\skip48
\thm@postskip=\skip49
\thm@headsep=\skip50
\dth@everypar=\toks24
)
(/usr/local/texlive/2013/texmf-dist/tex/latex/oberdiek/chemarr.sty
Package: chemarr 2006/02/20 v1.2 Arrows for chemical reactions (HO)
)
(/usr/local/texlive/2013/texmf-dist/tex/latex/amsfonts/amssymb.sty
Package: amssymb 2013/01/14 v3.01 AMS font symbols
)
(/usr/local/texlive/2013/texmf-dist/tex/latex/base/latexsym.sty
Package: latexsym 1998/08/17 v2.2e Standard LaTeX package (lasy symbols)
\symlasy=\mathgroup6
LaTeX Font Info:    Overwriting symbol font `lasy' in version `bold'
(Font)                  U/lasy/m/n --> U/lasy/b/n on input line 47.
)
(/usr/local/texlive/2013/texmf-dist/tex/latex/graphics/epsfig.sty
Package: epsfig 1999/02/16 v1.7a (e)psfig emulation (SPQR)

(/usr/local/texlive/2013/texmf-dist/tex/latex/graphics/graphicx.sty
Package: graphicx 1999/02/16 v1.0f Enhanced LaTeX Graphics (DPC,SPQR)

(/usr/local/texlive/2013/texmf-dist/tex/latex/graphics/keyval.sty
Package: keyval 1999/03/16 v1.13 key=value parser (DPC)
\KV@toks@=\toks25
)
(/usr/local/texlive/2013/texmf-dist/tex/latex/graphics/graphics.sty
Package: graphics 2009/02/05 v1.0o Standard LaTeX Graphics (DPC,SPQR)

(/usr/local/texlive/2013/texmf-dist/tex/latex/graphics/trig.sty
Package: trig 1999/03/16 v1.09 sin cos tan (DPC)
)
(/usr/local/texlive/2013/texmf-dist/tex/latex/latexconfig/graphics.cfg
File: graphics.cfg 2010/04/23 v1.9 graphics configuration of TeX Live
)
Package graphics Info: Driver file: dvips.def on input line 91.

(/usr/local/texlive/2013/texmf-dist/tex/latex/graphics/dvips.def
File: dvips.def 1999/02/16 v3.0i Driver-dependant file (DPC,SPQR)
))
\Gin@req@height=\dimen114
\Gin@req@width=\dimen115
)
\epsfxsize=\dimen116
\epsfysize=\dimen117
)
(/usr/local/texlive/2013/texmf-dist/tex/latex/fncychap/fncychap.sty
Package: fncychap 2007/07/30 v1.34 LaTeX package (Revised chapters)
\RW=\skip51
\mylen=\skip52
\myhi=\skip53
\px=\skip54
\py=\skip55
\pyy=\skip56
\pxx=\skip57
)
(/usr/local/texlive/2013/texmf-dist/tex/latex/hyperref/hyperref.sty
Package: hyperref 2012/11/06 v6.83m Hypertext links for LaTeX

(/usr/local/texlive/2013/texmf-dist/tex/generic/oberdiek/hobsub-hyperref.sty
Package: hobsub-hyperref 2012/05/28 v1.13 Bundle oberdiek, subset hyperref (HO)


(/usr/local/texlive/2013/texmf-dist/tex/generic/oberdiek/hobsub-generic.sty
Package: hobsub-generic 2012/05/28 v1.13 Bundle oberdiek, subset generic (HO)
Package: hobsub 2012/05/28 v1.13 Construct package bundles (HO)
Package: infwarerr 2010/04/08 v1.3 Providing info/warning/error messages (HO)
Package: ltxcmds 2011/11/09 v1.22 LaTeX kernel commands for general use (HO)
Package: ifluatex 2010/03/01 v1.3 Provides the ifluatex switch (HO)
Package ifluatex Info: LuaTeX not detected.
Package: ifvtex 2010/03/01 v1.5 Detect VTeX and its facilities (HO)
Package ifvtex Info: VTeX not detected.
Package: intcalc 2007/09/27 v1.1 Expandable calculations with integers (HO)
Package: ifpdf 2011/01/30 v2.3 Provides the ifpdf switch (HO)
Package ifpdf Info: pdfTeX in PDF mode is not detected.
Package: etexcmds 2011/02/16 v1.5 Avoid name clashes with e-TeX commands (HO)
Package etexcmds Info: Could not find \expanded.
(etexcmds)             That can mean that you are not using pdfTeX 1.50 or
(etexcmds)             that some package has redefined \expanded.
(etexcmds)             In the latter case, load this package earlier.
Package: kvsetkeys 2012/04/25 v1.16 Key value parser (HO)
Package: kvdefinekeys 2011/04/07 v1.3 Define keys (HO)
Package: pdftexcmds 2011/11/29 v0.20 Utility functions of pdfTeX for LuaTeX (HO
)
Package pdftexcmds Info: LuaTeX not detected.
Package pdftexcmds Info: \pdf@primitive is available.
Package pdftexcmds Info: \pdf@ifprimitive is available.
Package pdftexcmds Info: \pdfdraftmode is ignored in DVI mode.
Package: pdfescape 2011/11/25 v1.13 Implements pdfTeX's escape features (HO)
Package: bigintcalc 2012/04/08 v1.3 Expandable calculations on big integers (HO
)
Package: bitset 2011/01/30 v1.1 Handle bit-vector datatype (HO)
Package: uniquecounter 2011/01/30 v1.2 Provide unlimited unique counter (HO)
)
Package hobsub Info: Skipping package `hobsub' (already loaded).
Package: letltxmacro 2010/09/02 v1.4 Let assignment for LaTeX macros (HO)
Package: hopatch 2012/05/28 v1.2 Wrapper for package hooks (HO)
Package: xcolor-patch 2011/01/30 xcolor patch
Package: atveryend 2011/06/30 v1.8 Hooks at the very end of document (HO)
Package atveryend Info: \enddocument detected (standard20110627).
Package: atbegshi 2011/10/05 v1.16 At begin shipout hook (HO)
Package: refcount 2011/10/16 v3.4 Data extraction from label references (HO)
Package: hycolor 2011/01/30 v1.7 Color options for hyperref/bookmark (HO)
)
(/usr/local/texlive/2013/texmf-dist/tex/generic/ifxetex/ifxetex.sty
Package: ifxetex 2010/09/12 v0.6 Provides ifxetex conditional
)
(/usr/local/texlive/2013/texmf-dist/tex/latex/oberdiek/auxhook.sty
Package: auxhook 2011/03/04 v1.3 Hooks for auxiliary files (HO)
)
(/usr/local/texlive/2013/texmf-dist/tex/latex/oberdiek/kvoptions.sty
Package: kvoptions 2011/06/30 v3.11 Key value format for package options (HO)
)
\@linkdim=\dimen118
\Hy@linkcounter=\count100
\Hy@pagecounter=\count101

(/usr/local/texlive/2013/texmf-dist/tex/latex/hyperref/pd1enc.def
File: pd1enc.def 2012/11/06 v6.83m Hyperref: PDFDocEncoding definition (HO)
)
\Hy@SavedSpaceFactor=\count102

(/usr/local/texlive/2013/texmf-dist/tex/latex/latexconfig/hyperref.cfg
File: hyperref.cfg 2002/06/06 v1.2 hyperref configuration of TeXLive
)
Package hyperref Info: Hyper figures OFF on input line 4443.
Package hyperref Info: Link nesting OFF on input line 4448.
Package hyperref Info: Hyper index ON on input line 4451.
Package hyperref Info: Plain pages OFF on input line 4458.
Package hyperref Info: Backreferencing OFF on input line 4463.
Package hyperref Info: Implicit mode ON; LaTeX internals redefined.
Package hyperref Info: Bookmarks ON on input line 4688.
\c@Hy@tempcnt=\count103

(/usr/local/texlive/2013/texmf-dist/tex/latex/url/url.sty
\Urlmuskip=\muskip11
Package: url 2006/04/12  ver 3.3  Verb mode for urls, etc.
)
LaTeX Info: Redefining \url on input line 5041.
\XeTeXLinkMargin=\dimen119
\Fld@menulength=\count104
\Field@Width=\dimen120
\Fld@charsize=\dimen121
Package hyperref Info: Hyper figures OFF on input line 6295.
Package hyperref Info: Link nesting OFF on input line 6300.
Package hyperref Info: Hyper index ON on input line 6303.
Package hyperref Info: backreferencing OFF on input line 6310.
Package hyperref Info: Link coloring OFF on input line 6315.
Package hyperref Info: Link coloring with OCG OFF on input line 6320.
Package hyperref Info: PDF/A mode OFF on input line 6325.
LaTeX Info: Redefining \ref on input line 6365.
LaTeX Info: Redefining \pageref on input line 6369.
\Hy@abspage=\count105
\c@Item=\count106
\c@Hfootnote=\count107
)

Package hyperref Message: Driver (default): hdvips.

(/usr/local/texlive/2013/texmf-dist/tex/latex/hyperref/hdvips.def
File: hdvips.def 2012/11/06 v6.83m Hyperref driver for dvips

(/usr/local/texlive/2013/texmf-dist/tex/latex/hyperref/pdfmark.def
File: pdfmark.def 2012/11/06 v6.83m Hyperref definitions for pdfmark specials
\pdf@docset=\toks26
\pdf@box=\box29
\pdf@toks=\toks27
\pdf@defaulttoks=\toks28
\HyField@AnnotCount=\count108
\Fld@listcount=\count109
\c@bookmark@seq@number=\count110

(/usr/local/texlive/2013/texmf-dist/tex/latex/oberdiek/rerunfilecheck.sty
Package: rerunfilecheck 2011/04/15 v1.7 Rerun checks for auxiliary files (HO)
Package uniquecounter Info: New unique counter `rerunfilecheck' on input line 2
82.
)
\Hy@SectionHShift=\skip58
))
(/usr/local/texlive/2013/texmf-dist/tex/latex/lipsum/lipsum.sty
Package: lipsum 2011/04/14 v1.2 150 paragraphs of Lorem Ipsum dummy text
\c@lips@count=\count111
)
(/usr/local/texlive/2013/texmf-dist/tex/latex/fancyhdr/fancyhdr.sty
\fancy@headwidth=\skip59
\f@ncyO@elh=\skip60
\f@ncyO@erh=\skip61
\f@ncyO@olh=\skip62
\f@ncyO@orh=\skip63
\f@ncyO@elf=\skip64
\f@ncyO@erf=\skip65
\f@ncyO@olf=\skip66
\f@ncyO@orf=\skip67
)
(/usr/local/texlive/2013/texmf-dist/tex/latex/caption/caption.sty
Package: caption 2013/05/02 v3.3-89 Customizing captions (AR)

(/usr/local/texlive/2013/texmf-dist/tex/latex/caption/caption3.sty
Package: caption3 2013/05/02 v1.6-88 caption3 kernel (AR)
Package caption3 Info: TeX engine: e-TeX on input line 57.
\captionmargin=\dimen122
\captionmargin@=\dimen123
\captionwidth=\dimen124
\caption@tempdima=\dimen125
\caption@indent=\dimen126
\caption@parindent=\dimen127
\caption@hangindent=\dimen128
)
Package caption Info: AMS or SMF document class.
\c@ContinuedFloat=\count112
Package caption Info: hyperref package is loaded.
)
(./defs.tex
\c@theorem=\count113
\c@exercount=\count114
) (./ssb.aux

LaTeX Warning: Label `thm:linear-to-nonlinear' multiply defined.

)
\openout1 = `ssb.aux'.

LaTeX Font Info:    Checking defaults for OML/cmm/m/it on input line 32.
LaTeX Font Info:    ... okay on input line 32.
LaTeX Font Info:    Checking defaults for T1/cmr/m/n on input line 32.
LaTeX Font Info:    ... okay on input line 32.
LaTeX Font Info:    Checking defaults for OT1/cmr/m/n on input line 32.
LaTeX Font Info:    ... okay on input line 32.
LaTeX Font Info:    Checking defaults for OMS/cmsy/m/n on input line 32.
LaTeX Font Info:    ... okay on input line 32.
LaTeX Font Info:    Checking defaults for OMX/cmex/m/n on input line 32.
LaTeX Font Info:    ... okay on input line 32.
LaTeX Font Info:    Checking defaults for U/cmr/m/n on input line 32.
LaTeX Font Info:    ... okay on input line 32.
LaTeX Font Info:    Checking defaults for PD1/pdf/m/n on input line 32.
LaTeX Font Info:    ... okay on input line 32.
LaTeX Font Info:    Try loading font information for U+msa on input line 32.
 (/usr/local/texlive/2013/texmf-dist/tex/latex/amsfonts/umsa.fd
File: umsa.fd 2013/01/14 v3.01 AMS symbols A
)
LaTeX Font Info:    Try loading font information for U+msb on input line 32.

(/usr/local/texlive/2013/texmf-dist/tex/latex/amsfonts/umsb.fd
File: umsb.fd 2013/01/14 v3.01 AMS symbols B
)
LaTeX Font Info:    Try loading font information for U+lasy on input line 32.

(/usr/local/texlive/2013/texmf-dist/tex/latex/base/ulasy.fd
File: ulasy.fd 1998/08/17 v2.2e LaTeX symbol font definitions
)
\AtBeginShipoutBox=\box30
Package hyperref Info: Link coloring OFF on input line 32.

(/usr/local/texlive/2013/texmf-dist/tex/latex/hyperref/nameref.sty
Package: nameref 2012/10/27 v2.43 Cross-referencing by name of section

(/usr/local/texlive/2013/texmf-dist/tex/generic/oberdiek/gettitlestring.sty
Package: gettitlestring 2010/12/03 v1.4 Cleanup title references (HO)
)
\c@section@level=\count115
)
LaTeX Info: Redefining \ref on input line 32.
LaTeX Info: Redefining \pageref on input line 32.
LaTeX Info: Redefining \nameref on input line 32.

(./ssb.out) (./ssb.out)
\@outlinefile=\write3
\openout3 = `ssb.out'.

Package caption Info: Begin \AtBeginDocument code.
Package caption Info: End \AtBeginDocument code.
 [0




] [4


]
Contents
(./ssb.toc
Underfull \vbox (badness 6396) has occurred while \output is active []

 [5])
\tf@toc=\write4
\openout4 = `ssb.toc'.



Package Fancyhdr Warning: \headheight is too small (8.0pt): 
 Make it at least 11.0pt.
 We now make it that large for the rest of the document.
 This may cause the page layout to be inconsistent, however.

[6] (./intro.tex
Chapter 1
LaTeX Font Info:    Try loading font information for OT1+phv on input line 1.
(/usr/local/texlive/2013/texmf-dist/tex/latex/psnfss/ot1phv.fd
File: ot1phv.fd 2001/06/04 scalable font definitions for OT1/phv.
)
LaTeX Font Info:    Try loading font information for OT1+ptm on input line 1.

(/usr/local/texlive/2013/texmf-dist/tex/latex/psnfss/ot1ptm.fd
File: ot1ptm.fd 2001/06/04 font definitions for OT1/ptm.
)
Underfull \vbox (badness 10000) has occurred while \output is active []

 [1




]

LaTeX Warning: Citation `ph-sensor' on page 2 undefined on input line 90.


LaTeX Warning: Citation `light-sensor' on page 2 undefined on input line 90.

File: figures/cell.eps Graphic file (type eps)
<figures/cell.eps>
Underfull \vbox (badness 10000) has occurred while \output is active []

 [2]
[3]
Underfull \vbox (badness 10000) has occurred while \output is active []

 [4]

LaTeX Warning: Citation `artemisinin' on page 5 undefined on input line 263.


LaTeX Warning: Citation `aspartamene' on page 5 undefined on input line 271.


LaTeX Warning: Citation `azt' on page 5 undefined on input line 309.


LaTeX Warning: Citation `hiv-gene-therapy' on page 5 undefined on input line 31
5.


LaTeX Warning: Citation `gene-therapy-trials' on page 5 undefined on input line
 317.

[5]

LaTeX Warning: Citation `algae-biofuel' on page 6 undefined on input line 347.


LaTeX Warning: Citation `biofuel-issues' on page 6 undefined on input line 355.


[6]

LaTeX Warning: Reference `ch:molecules' on page 7 undefined on input line 385.


LaTeX Warning: Citation `evolve-to-toxin' on page 7 undefined on input line 417
.


LaTeX Warning: Citation `microbial-consortium' on page 7 undefined on input lin
e 423.


LaTeX Warning: Citation `metabolic-control-analysis' on page 7 undefined on inp
ut line 432.

[7]

LaTeX Warning: Citation `retroactivity' on page 8 undefined on input line 463.


LaTeX Warning: Citation `retroactivity' on page 8 undefined on input line 493.

[8]
File: figures/oscillators.eps Graphic file (type eps)
 <figures/oscillators.eps>

LaTeX Warning: Reference `ch:in-vivo' on page 9 undefined on input line 514.


LaTeX Warning: Reference `ch:in-vivo' on page 9 undefined on input line 514.

[9]

LaTeX Warning: Citation `zero-deficiency' on page 10 undefined on input line 56
8.


LaTeX Warning: Citation `monotonic-networks' on page 10 undefined on input line
 568.


LaTeX Warning: Citation `georgiev-klavins-descrimination' on page 10 undefined 
on input line 576.


LaTeX Warning: Citation `calcium' on page 10 undefined on input line 601.


LaTeX Warning: Citation `more-robustness-papers' on page 10 undefined on input 
line 601.


Underfull \vbox (badness 10000) has occurred while \output is active []

 [10]

LaTeX Warning: Citation `elowitz-single-cell' on page 11 undefined on input lin
e 625.


LaTeX Warning: Citation `error-correction-in-mitosis' on page 11 undefined on i
nput line 633.


LaTeX Warning: Citation `elowitz-b-sub' on page 11 undefined on input line 637.



LaTeX Warning: Citation `avano-noise-cascade' on page 11 undefined on input lin
e 647.


LaTeX Warning: Citation `msb-fre-study' on page 11 undefined on input line 665.



LaTeX Warning: Citation `facs' on page 11 undefined on input line 666.


LaTeX Warning: Citation `murray-noise' on page 11 undefined on input line 690.


LaTeX Warning: Citation `thorsely-egbert-klavins-in-progress' on page 11 undefi
ned on input line 690.


Underfull \vbox (badness 10000) has occurred while \output is active []

 [11]

LaTeX Warning: Citation `evolve-away' on page 12 undefined on input line 699.

Missing character: There is no ‚ in font cmr10!
Missing character: There is no Ä in font cmr10!
Missing character: There is no ì in font cmr10!
[12]
Missing character: There is no ‚ in font cmr10!
Missing character: There is no Ä in font cmr10!
Missing character: There is no ú in font cmr10!
Missing character: There is no ‚ in font cmr10!
Missing character: There is no Ä in font cmr10!
Missing character: There is no ù in font cmr10!


LaTeX Warning: Citation `strep-evolve' on page 13 undefined on input line 777.

Missing character: There is no ‚ in font cmr10!
Missing character: There is no Ä in font cmr10!
Missing character: There is no ô in font cmr10!

Underfull \vbox (badness 10000) has occurred while \output is active []

 [13]
[14]
Underfull \hbox (badness 10000) in paragraph at lines 926--929

 []

[15]) (./biology.tex [16]
Chapter 2
File: figures/ecoli.eps Graphic file (type eps)
<figures/ecoli.eps>

LaTeX Warning: Citation `insulin' on page 17 undefined on input line 38.


LaTeX Warning: Citation `taco-bell' on page 17 undefined on input line 55.


Underfull \vbox (badness 10000) has occurred while \output is active []

 [17


]

LaTeX Warning: Citation `monod' on page 18 undefined on input line 66.

[18]
File: figures/dna.eps Graphic file (type eps)
 <figures/dna.eps>

LaTeX Warning: Citation `dna-error-rate' on page 19 undefined on input line 143
.

File: figures/rna.eps Graphic file (type eps)
<figures/rna.eps>
Underfull \vbox (badness 10000) has occurred while \output is active []

 [19]
[20]
File: figures/peptide-bond.eps Graphic file (type eps)
 <figures/peptide-bond.eps>

LaTeX Warning: Reference `fig:gpf' on page 21 undefined on input line 237.

[21]
File: figures/protein.eps Graphic file (type eps)
 <figures/protein.eps> [22]
File: figures/transcription.eps Graphic file (type eps)
 <figures/transcription.eps>

LaTeX Warning: Citation `alon-book' on page 23 undefined on input line 299.

[23]
Overfull \hbox (23.80609pt too wide) in paragraph at lines 314--329
[][] 
 []

File: figures/genetic-code.eps Graphic file (type eps)
<figures/genetic-code.eps>
File: figures/translation.eps Graphic file (type eps)
 <figures/translation.eps> [24]
File: figures/regulation.eps Graphic file (type eps)

<figures/regulation.eps> [25]
File: figures/trans-small.eps Graphic file (type eps)
 <figures/trans-small.eps> [26]
File: figures/grn.eps Graphic file (type eps)
 <figures/grn.eps>
[27]
File: figures/metabolism-overview.eps Graphic file (type eps)
 <figures/metabolism-overview.eps> [28]

LaTeX Warning: Reference `ch:enzymes' on page 29 undefined on input line 552.

File: figures/glycolysis.eps Graphic file (type eps)
<figures/glycolysis.eps> [29]) (./odes.tex [30]
Chapter 3

LaTeX Warning: Citation `khalil' on page 31 undefined on input line 29.

[31


]

LaTeX Warning: Citation `monod-growth' on page 32 undefined on input line 78.

[32]
File: figures/euler.eps Graphic file (type eps)
 <figures/euler.eps> [33] [34]
File: figures/phase-lyapunov.eps Graphic file (type eps)
 <figures/phase-lyapunov.eps>

LaTeX Warning: Reference `fig:lyapunov' on page 35 undefined on input line 298.


File: figures/osc-phase.eps Graphic file (type eps)
<figures/osc-phase.eps>
File: figures/osc-time.eps Graphic file (type eps)
 <figures/osc-time.eps> [35] [36]

LaTeX Warning: Reference `exer:inconclusive' on page 37 undefined on input line
 382.

[37]
Overfull \hbox (2.29738pt too wide) in paragraph at lines 468--469
[]\OT1/cmr/m/n/10 DISCUSSION OF 2D LIN-EAR SYS-TEMS AND EIGEN-VAL-UES GOES HERE
 
 []

[38]) (./mak.tex [39] [40


]
Chapter 4

Underfull \vbox (badness 1400) has occurred while \output is active []

 [41]
[42] [43] [44] [45]
File: figures/stoich-sub.eps Graphic file (type eps)
 <figures/stoich-sub.eps> [46]

LaTeX Warning: Citation `ATP_IS_REGULATED' on page 47 undefined on input line 4
30.


LaTeX Warning: Reference `fig:membrane' on page 47 undefined on input line 460.


[47]
File: figures/zhang-integrator.eps Graphic file (type eps)
 <figures/zhang-integrator.eps> [48] [49]
File: figures/one_gene.eps Graphic file (type eps)
 <figures/one_gene.eps> [50]
[51]) (./singular.tex [52]
Chapter 5

LaTeX Warning: Reference `eqn:fast-slow-equality' on page 53 undefined on input
 line 27.

File: figures/michaelis-menton.eps Graphic file (type eps)
<figures/michaelis-menton.eps> [53


] [54] [55]
File: figures/comp-inhibit-together.eps Graphic file (type eps)

<figures/comp-inhibit-together.eps>
Overfull \hbox (14.4956pt too wide) in paragraph at lines 198--203
 [][] 
 []

[56]
File: figures/hill.eps Graphic file (type eps)
 <figures/hill.eps>

LaTeX Warning: Reference `eqn:hill-repress' on page 57 undefined on input line 
249.


LaTeX Warning: Reference `eqn:hill-repress' on page 57 undefined on input line 
249.


LaTeX Warning: Citation `hill-function-1910' on page 57 undefined on input line
 265.

[57]
File: figures/act-rep.eps Graphic file (type eps)
 <figures/act-rep.eps>
Overfull \hbox (43.10753pt too wide) in paragraph at lines 301--306
 [][] 
 []


LaTeX Warning: Reference `eqn:alt-rep' on page 58 undefined on input line 306.


LaTeX Warning: Reference `eqn:alt-rep' on page 58 undefined on input line 306.

[58]) (./in-vivo.tex [59] [60


]
Chapter 6

LaTeX Warning: Reference `ch:in_vivo' on page 61 undefined on input line 33.

[61]
File: figures/toggle.eps Graphic file (type eps)
 <figures/toggle.eps> [62]
File: figures/bistable-nulclines.eps Graphic file (type eps)
 <figures/bistable-nulclines.eps> [63])
(./in-vitro.tex [64]
Chapter 7
File: figures/invitro/reporter.eps Graphic file (type eps)
<figures/invitro/reporter.eps>
Overfull \hbox (7.77539pt too wide) in paragraph at lines 39--42
 [][] 
 []

File: figures/invitro/and-1.eps Graphic file (type eps)
<figures/invitro/and-1.eps>
File: figures/invitro/and-2.eps Graphic file (type eps)
 <figures/invitro/and-2.eps>
Overfull \hbox (5.36499pt too wide) in paragraph at lines 68--71
 [][] 
 []

[65


]
File: figures/invitro/and-3.eps Graphic file (type eps)
 <figures/invitro/and-3.eps> [66]
Underfull \vbox (badness 10000) has occurred while \output is active []

 [67]
File: figures/trans-pulse.eps Graphic file (type eps)

<figures/trans-pulse.eps>) (./cme.tex [68]
Chapter 8

LaTeX Warning: Citation `plank-harvey' on page 69 undefined on input line 14.


LaTeX Warning: Citation `spudich-koshland' on page 69 undefined on input line 1
7.


LaTeX Warning: Citation `galley-fim' on page 69 undefined on input line 19.

[69


] [70]
File: figures/two-state.eps Graphic file (type eps)
 <figures/two-state.eps>
File: figures/abc.eps Graphic file (type eps)
 <figures/abc.eps>
File: figures/abc-stats.eps Graphic file (type eps)
 <figures/abc-stats.eps>
[71] [72]
File: figures/cons.eps Graphic file (type eps)
 <figures/cons.eps> [73] [74] [75] [76] [77] [78]
File: figures/stochastic-mich-ment.eps Graphic file (type eps)

<figures/stochastic-mich-ment.eps> [79]

LaTeX Warning: Citation `rozenberg-dna-computing' on page 80 undefined on input
 line 817.


LaTeX Warning: Citation `minsky-rms' on page 80 undefined on input line 818.


LaTeX Warning: Citation `soloviechik-rm' on page 80 undefined on input line 819
.

[80]
File: figures/rm-mult.eps Graphic file (type eps)
 <figures/rm-mult.eps> [81]
File: figures/rm-behavior.eps Graphic file (type eps)
 <figures/rm-behavior.eps>
Overfull \hbox (169.37415pt too wide) in paragraph at lines 903--908
 [][] 
 []

[82]

LaTeX Warning: Reference `ex:stoch-gene-moments' on page 83 undefined on input 
line 973.

[83]
Overfull \hbox (7.5319pt too wide) in paragraph at lines 1033--1040
[]\OT1/cmr/m/n/10 Plot the mean and stan-dard de-vi-a-tion win-dow for the num-
ber of $\OML/cmm/m/it/10 P$ \OT1/cmr/m/n/10 molecules
 []

[84]) (./composition.tex [85] [86


]
Chapter 9
) (./robustness.tex [87] [88


]
Chapter 10
) (./parameters.tex [89] [90


]
Chapter 11
) (./mathematica.tex [91] [92


]
Chapter A
) [93] [94


] (./ssb.bbl
Missing character: There is no ‚ in font cmti8!
Missing character: There is no Ä in font cmti8!
Missing character: There is no ì in font cmti8!

Underfull \vbox (badness 10000) has occurred while \output is active []

 [95


]
Underfull \vbox (badness 10000) has occurred while \output is active []

 [96])
Package atveryend Info: Empty hook `BeforeClearDocument' on input line 105.

[97]
Package atveryend Info: Empty hook `AfterLastShipout' on input line 105.
 (./ssb.aux)
Package atveryend Info: Empty hook `AtVeryEndDocument' on input line 105.
Package atveryend Info: Executing hook `AtEndAfterFileList' on input line 105.
Package rerunfilecheck Info: File `ssb.out' has not changed.
(rerunfilecheck)             Checksum: 6F11C7F5024A9015D5B5CBD790557ED7;4137.


LaTeX Warning: There were undefined references.


LaTeX Warning: There were multiply-defined labels.

Package atveryend Info: Empty hook `AtVeryVeryEnd' on input line 105.
 ) 
Here is how much of TeX's memory you used:
 7884 strings out of 493316
 113950 string characters out of 6137930
 310071 words of memory out of 5000000
 10998 multiletter control sequences out of 15000+600000
 17910 words of font info for 68 fonts, out of 8000000 for 9000
 1118 hyphenation exceptions out of 8191
 41i,28n,50p,682b,539s stack positions out of 5000i,500n,10000p,200000b,80000s

Output written on ssb.dvi (101 pages, 456572 bytes).
